<?xml version="1.0" encoding="UTF-8"?>
<!-- Generated by org.testng.reporters.JUnitReportReporter -->
<testsuite hostname="PUN5CB21137XS" name="com.backoffice.BackOfficeUI_Automaton.Test" tests="1" failures="0" timestamp="10 May 2016 19:50:01 GMT" time="33.290" errors="0">
  <testcase name="thisisTest" time="33.290" classname="com.backoffice.BackOfficeUI_Automaton.Test"/>
</testsuite> <!-- com.backoffice.BackOfficeUI_Automaton.Test -->
