<?xml version="1.0" encoding="UTF-8"?>
<!-- Generated by org.testng.reporters.JUnitReportReporter -->
<testsuite hostname="PUN5CB21137XS" name="com.backoffice.BackOfficeUI_Automaton.AppTest" tests="1" failures="0" timestamp="10 May 2016 19:58:52 GMT" time="0.001" errors="0">
  <testcase name="testApp" time="0.001" classname="com.backoffice.BackOfficeUI_Automaton.AppTest"/>
</testsuite> <!-- com.backoffice.BackOfficeUI_Automaton.AppTest -->
